
   --- Expanded Deck Component Count ---
A's 1
B's 97
C's 2
F's 1
G's 17
L's 7
R's 19
V's 4
tot: 148


    --- Expanded Netlist ---
* C:\Users\Cedric\Documents\manufacturable-ventilator\ltspice\amp.asc
v1 n004 0 10000 
lsupply n004 n005 8510.63529468225 rser=0
b§rsupply n005 supply r=1/(0.85 **2)*(3444780952.60948 *max(abs((i(lsupply))), 0.00170380227750929 *0.0001))
v2 v2 0 pulse(0 2000 .004 1.5e-3 1.5e-3 1)
lc1 v2 n007 flux=7234.04000047991 /v(d1)*x rser=0
lc2 0 n001 flux=7234.04000047991 /v(d2)*x rser=0
b§rcontrol1 n007 c1 r=v(rc1)*(3444780952.60948 *max(abs((i(lc1))), 0.00170380227750929 *0.0001))
b§rcontrol2 n001 c2 r=v(rc2)*(3444780952.60948 *max(abs((i(lc2))), 0.00170380227750929 *0.0001))
lo1 n006 0 11625.8475329975 rser=0
lo2 n003 0 11625.8475329975 rser=0
b§ro2 pout2 n003 r=1/(3.45341893472363 **2)*(3444780952.60948 *max(abs((i(lo2))), 0.00170380227750929 *0.0001))
b§ro1 pout1 n006 r=1/(3.45341893472363 **2)*(3444780952.60948 *max(abs((i(lo1))), 0.00170380227750929 *0.0001))
lv1 n008 0 flux=14468.0800009598 /sqrt(5869225632576.65)*x rser=0
lv2 n002 0 flux=14468.0800009598 /sqrt(v(rv2))*x rser=0
b§rv2 pbubble2 n002 r=v(rv2)*(3444780952.60948 *max(abs((i(lv2))), 0.00170380227750929 *0.0001))
b§rv1 pbubble1 n008 r=5869225632576.65 *(3444780952.60948 *max(abs((i(lv1))), 0.00170380227750929 *0.0001))
b§qs 0 qs i=i(lsupply)/ 0.00170380227750929 rpar=1
b§qc1 0 qc1 i=i(lc1)/ 0.00170380227750929 rpar=1
b§qc2 0 qc2 i=i(lc2)/ 0.00170380227750929 rpar=1
b§qv1 0 qv1 i=i(rv1)/ 0.00170380227750929 rpar=1
b§qv2 0 qv2 i=i(rv2)/ 0.00170380227750929 rpar=1
b§qo1 0 qo1 i=i(ro1)/ 0.00170380227750929 rpar=1
b§qo2 0 qo2 i=i(ro2)/ 0.00170380227750929 rpar=1
b§d1_min 0 d1_min i=if(v(rec1)<2500, 0.9 ,-(0.9 - 0.6)*v(rec1)/1e4+1.25* 0.9 -0.25* 0.6) rpar=1
b§d2_min 0 d2_min i=if(v(rec2)<2500, 0.9 ,-(0.9 - 0.6)*v(rec2)/1e4+1.25* 0.9 -0.25* 0.6) rpar=1
b§rec1 0 rec1 i=abs(v(qc1)* 18194.6182692314) rpar=1
b§rec2 0 rec2 i=abs(v(qc2)* 18194.6182692314) rpar=1
b§fc1 0 fc1 i=(v(c1)/ 10000 +2*(uramp(v(qc1))/ 1)**2)* 1 rpar=1
b§fc2 0 fc2 i=(v(c2)/ 10000 +2*(uramp(v(qc2))/ 1)**2)* 1 rpar=1
b§fsy 0 fsy i=v(supply)/ 10000 +2*v(qs)**2 rpar=1
bubble1 pb2 pbubble1 v=v(active1)*v(delpb)
b§pc1 c1 pbubble1 v=v(active1)*v(delpb)/2
b§pc2 c2 pbubble2 v=v(active2)*v(delpb)/2
bubble2 pb2 pbubble2 v=v(active2)*v(delpb)
b§psy pb2 supply v=v(delpb)*1/4
beta 0 beta i=0.016 rpar=1
b§v 0 v i=13.9 rpar=1
b§ts 0 ts i=if(v(zet)> 3.14159265358979 /2-v(theta)- 0.20944 ,tanh(v(ys)* 10 /(v(ss)+ 10 /3)),1) rpar=1
b§zet 0 zet i=atan(v(r)*cos(v(beta))/((10 -v(r)*sin(v(beta)))+if((10 -v(r)*sin(v(beta)))>=0,1,-1)* 1e-05 /(1+exp(abs((10 -v(r)*sin(v(beta))))/10)))) rpar=1
b§ss 0 ss i=v(r)*(v(beta)-v(zet)+ 3.14159265358979 /2) rpar=1
b§ys 0 ys i=sqrt((v(r)*cos(v(beta)))**2+(10 -v(r)*sin(v(beta)))**2)-v(r) rpar=1
b§t 0 t i=2*cos((2* 3.14159265358979 -acos(-v(b)/2))/3) rpar=1
b 0 b i=1.5*(-v(ts)+(v(ts)**3/3)+2/3+(2/3+v(ts)-(v(ts)**3/3))*cos(v(theta))) rpar=1
a§state n009 n011 0 0 0 n012 n010 0 srflop
b§to2 0 n009 i=if(v(lsp)>=10 ,v(active1),0) rpar=1
b§to1 0 n011 i=if(v(lsp)>=10 ,v(active2),0) rpar=1
b§qr 0 qr i=0.5*i(lsupply)*sqrt(0.3 *v(s1)+1)*(1-v(t))*v(ramp) rpar=1
b§qe 0 qe i=0.5*i(lsupply)*(sqrt(0.3 *v(s1)+1)-1)*v(ramp) rpar=1
b§dyc 0 dyc i=-v(r)*cos(v(beta))+sqrt((cos(v(beta))*v(r))**2- 1 * 1 +2* 1 *v(r)*sin(v(beta))) rpar=1
b§delpb 0 delpb i=2* 3444780952.60948 *i(lsupply)**2/((v(r))+if((v(r))>=0,1,-1)* 1e-05 /(1+exp(abs((v(r)))/10)))*v(ramp)**3 rpar=1
b§qe2 pbubble2 pb2 i=v(active2)*v(qr)
b§qr1 pb2 pbubble1 i=v(active1)*v(qr)
b§qr2 pb2 pbubble2 i=v(active2)*v(qe)
b§qe1 pbubble1 pb2 i=v(active1)*v(qe)
b§pda 0 pda i=3444780952.60948 *0.75*i(rsupply)**2*(v(ts)+v(t)-(v(ts)**3+v(t)**3)/3)/ 3.45341893472363 *v(ramp) rpar=1
b§pdi 0 pdi i=3444780952.60948 *0.75*i(rsupply)**2*(2/3-v(ts)+v(ts)**3/3)/ 3.45341893472363 *v(ramp) rpar=1
b§pd2 pout2 pb2 v=v(pdi)
b§pd1 pout1 pb2 v=v(pda)
b§rcmin1 0 rcmin1 i=1/(1 **2*v(d1_min)**2) rpar=1
b§rcmin2 0 rcmin2 i=1/(1 **2*v(d2_min)**2) rpar=1
b§rc1d 0 rc1d i=1/(((1.11755707355829 +v(orient)*v(dyc))+if((1.11755707355829 +v(orient)*v(dyc))>=0,1,-1)* 1e-05 /(1+exp(abs((1.11755707355829 +v(orient)*v(dyc)))/10)))**2) rpar=1
b§rc2d 0 rc2d i=1/(((1.11755707355829 -v(orient)*v(dyc)**2)+if((1.11755707355829 -v(orient)*v(dyc)**2)>=0,1,-1)* 1e-05 /(1+exp(abs((1.11755707355829 -v(orient)*v(dyc)**2))/10)))) rpar=1
b§rc1 0 rc1 i=max(min(v(rc1d), 50.0151045615776),v(rcmin1)) rpar=1
b§rc2 0 rc2 i=max(min(v(rc2d), 50.0151045615776),v(rcmin2)) rpar=1
b§d1 0 d1 i=if(v(rc1)==v(rc1d), 1, v(d1_min)) rpar=1 cpar=1.63064695749877e-07 
b§d2 0 d2 i=if(v(rc2)==v(rc2d), 1, v(d2_min)) rpar=1 cpar=1.63064695749877e-07 
cap pb2 0 2.44628594903407e-08 
v§ramp ramp 0 1
b§lsp 0 lsp i=2*v(r)*sin(v(beta)) rpar=1
r:x1:x3:nc x1:x3:n001 0 1
g:x1:x3:nc 0 x1:x3:n001 v 0 1
b:x1:xmin_area:r 0 x1:min_radius i=cos(v(n015))*v(n014)/(cos(v(n015)+v(beta))-cos(v(x1:n002))) rpar=1
b:x1:xmin_area:x1:xchord:theta 0 x1:xmin_area:x1:nc_02 i=2*acos(v(x1:xmin_area:x1:nc_01)/v(x1:min_radius)) rpar=1
b:x1:xmin_area:x1:xchord:a 0 x1:xmin_area:x1:area_past i=0.5*v(x1:min_radius)**2*(v(x1:xmin_area:x1:nc_02) - sin(v(x1:xmin_area:x1:nc_02))) rpar=1
g:x1:xmin_area:x1:xchord:r 0 x1:xmin_area:x1:nc_01 x1:min_radius x1:xmin_area:x1:length_past 1
r:x1:xmin_area:x1:xchord:r x1:xmin_area:x1:nc_01 0 1
b:x1:xmin_area:x1:arc 0 x1:nc_01 i=v(x1:min_radius)*(v(x1:xmin_area:x1:omega)) rpar=1
r:x1:xmin_area:x1:x2:nc x1:xmin_area:x1:x2:n001 0 1
g:x1:xmin_area:x1:x2:nc 0 x1:xmin_area:x1:x2:n001 n014 0 1
b:x1:xmin_area:x1:x1 0 x1:nc_02 i=cos(v(beta)-v(x1:xmin_area:x1:omega)/2)*v(n014)/sin(v(x1:xmin_area:x1:omega)/2-v(x1:xmin_area:x1:gamma)) rpar=1
g:x1:xmin_area:x1:omega x1:xmin_area:x1:gamma x1:xmin_area:x1:omega x1:n002 0 1
g:x1:xmin_area:x1:gamma n015 x1:xmin_area:x1:gamma beta 0 1
g:x1:xmin_area:x1:area_past x1:xmin_area:x1:n001 x1:min_area 0 x1:xmin_area:x1:area_past 1
b:x1:xmin_area:x1:length_past 0 x1:xmin_area:x1:length_past i=if(v(beta) > v(n015), v(x1:min_radius)-v(x1:min_radius)*cos(v(beta)-v(n015))-v(n014)*cos(v(n015)), 0) rpar=1
r:x1:xmin_area:x1:beta x1:xmin_area:x1:gamma n015 1
r:x1:xmin_area:x1:theta x1:xmin_area:x1:omega x1:xmin_area:x1:gamma 1
b:x1:xmin_area:x1:triangular_area x1:xmin_area:x1:n002 x1:xmin_area:x1:n001 i=0.5*cos(v(n015))*v(n014)*v(x1:nc_02) rpar=1
b:x1:xmin_area:x1:curved_area 0 x1:xmin_area:x1:n002 i=0.5*v(x1:min_radius)**2*(v(x1:xmin_area:x1:omega)-sin(v(x1:xmin_area:x1:omega))) rpar=1
r:x1:xmin_area:x1:area_past x1:min_area x1:xmin_area:x1:n001 1
b:x1:pi x1:n002 0 v=3.14159265358979 
b:x1:xbubble_area:theta 0 theta i=acos(cos(v(n015)+v(beta))-cos(v(n015))*v(n014)/v(r)) rpar=1
b:x1:xbubble_area:x1:xchord:theta 0 x1:xbubble_area:x1:nc_02 i=2*acos(v(x1:xbubble_area:x1:nc_01)/v(r)) rpar=1
b:x1:xbubble_area:x1:xchord:a 0 x1:xbubble_area:x1:area_past i=0.5*v(r)**2*(v(x1:xbubble_area:x1:nc_02) - sin(v(x1:xbubble_area:x1:nc_02))) rpar=1
g:x1:xbubble_area:x1:xchord:r 0 x1:xbubble_area:x1:nc_01 r x1:xbubble_area:x1:length_past 1
r:x1:xbubble_area:x1:xchord:r x1:xbubble_area:x1:nc_01 0 1
b:x1:xbubble_area:x1:arc 0 s1 i=v(r)*(v(x1:xbubble_area:x1:omega)) rpar=1
r:x1:xbubble_area:x1:x2:nc x1:xbubble_area:x1:x2:n001 0 1
g:x1:xbubble_area:x1:x2:nc 0 x1:xbubble_area:x1:x2:n001 n014 0 1
b:x1:xbubble_area:x1:x1 0 xcl i=cos(v(beta)-v(x1:xbubble_area:x1:omega)/2)*v(n014)/sin(v(x1:xbubble_area:x1:omega)/2-v(x1:xbubble_area:x1:gamma)) rpar=1
g:x1:xbubble_area:x1:omega x1:xbubble_area:x1:gamma x1:xbubble_area:x1:omega theta 0 1
g:x1:xbubble_area:x1:gamma n015 x1:xbubble_area:x1:gamma beta 0 1
g:x1:xbubble_area:x1:area_past x1:xbubble_area:x1:n001 x1:bubble_area 0 x1:xbubble_area:x1:area_past 1
b:x1:xbubble_area:x1:length_past 0 x1:xbubble_area:x1:length_past i=if(v(beta) > v(n015), v(r)-v(r)*cos(v(beta)-v(n015))-v(n014)*cos(v(n015)), 0) rpar=1
r:x1:xbubble_area:x1:beta x1:xbubble_area:x1:gamma n015 1
r:x1:xbubble_area:x1:theta x1:xbubble_area:x1:omega x1:xbubble_area:x1:gamma 1
b:x1:xbubble_area:x1:triangular_area x1:xbubble_area:x1:n002 x1:xbubble_area:x1:n001 i=0.5*cos(v(n015))*v(n014)*v(xcl) rpar=1
b:x1:xbubble_area:x1:curved_area 0 x1:xbubble_area:x1:n002 i=0.5*v(r)**2*(v(x1:xbubble_area:x1:omega)-sin(v(x1:xbubble_area:x1:omega))) rpar=1
r:x1:xbubble_area:x1:area_past x1:bubble_area x1:xbubble_area:x1:n001 1
b:x1:r 0 r i=v(r)+if(v(r) > v(x1:min_radius), v(x1:bubble_area)-v(x1:target_area), v(r)+v(x1:min_area)-v(x1:target_area)-v(x1:min_radius)) rpar=1
b:x1:target_area 0 x1:target_area i=limit(v(v), v(x1:min_area), v(x1:max_area)) rpar=1
b:x1:xmax_area:theta 0 x1:nc_03 i=acos(cos(v(n015)+v(beta))-cos(v(n015))*v(n014)/v(x1:n001)) rpar=1
b:x1:xmax_area:x1:xchord:theta 0 x1:xmax_area:x1:nc_02 i=2*acos(v(x1:xmax_area:x1:nc_01)/v(x1:n001)) rpar=1
b:x1:xmax_area:x1:xchord:a 0 x1:xmax_area:x1:area_past i=0.5*v(x1:n001)**2*(v(x1:xmax_area:x1:nc_02) - sin(v(x1:xmax_area:x1:nc_02))) rpar=1
g:x1:xmax_area:x1:xchord:r 0 x1:xmax_area:x1:nc_01 x1:n001 x1:xmax_area:x1:length_past 1
r:x1:xmax_area:x1:xchord:r x1:xmax_area:x1:nc_01 0 1
b:x1:xmax_area:x1:arc 0 x1:nc_04 i=v(x1:n001)*(v(x1:xmax_area:x1:omega)) rpar=1
r:x1:xmax_area:x1:x2:nc x1:xmax_area:x1:x2:n001 0 1
g:x1:xmax_area:x1:x2:nc 0 x1:xmax_area:x1:x2:n001 n014 0 1
b:x1:xmax_area:x1:x1 0 x1:nc_05 i=cos(v(beta)-v(x1:xmax_area:x1:omega)/2)*v(n014)/sin(v(x1:xmax_area:x1:omega)/2-v(x1:xmax_area:x1:gamma)) rpar=1
g:x1:xmax_area:x1:omega x1:xmax_area:x1:gamma x1:xmax_area:x1:omega x1:nc_03 0 1
g:x1:xmax_area:x1:gamma n015 x1:xmax_area:x1:gamma beta 0 1
g:x1:xmax_area:x1:area_past x1:xmax_area:x1:n001 x1:max_area 0 x1:xmax_area:x1:area_past 1
b:x1:xmax_area:x1:length_past 0 x1:xmax_area:x1:length_past i=if(v(beta) > v(n015), v(x1:n001)-v(x1:n001)*cos(v(beta)-v(n015))-v(n014)*cos(v(n015)), 0) rpar=1
r:x1:xmax_area:x1:beta x1:xmax_area:x1:gamma n015 1
r:x1:xmax_area:x1:theta x1:xmax_area:x1:omega x1:xmax_area:x1:gamma 1
b:x1:xmax_area:x1:triangular_area x1:xmax_area:x1:n002 x1:xmax_area:x1:n001 i=0.5*cos(v(n015))*v(n014)*v(x1:nc_05) rpar=1
b:x1:xmax_area:x1:curved_area 0 x1:xmax_area:x1:n002 i=0.5*v(x1:n001)**2*(v(x1:xmax_area:x1:omega)-sin(v(x1:xmax_area:x1:omega))) rpar=1
r:x1:xmax_area:x1:area_past x1:max_area x1:xmax_area:x1:n001 1
v:x1:r_max x1:n001 0 100000 
b3 n015 0 v=0.20944 
b4 n014 0 v=1.405 
c1 vbubble1cap 0 2.7783e-08 
gorient 0 orient n012 n010 1
b§zeta 0 zeta i=atan2((8.64 *cos(0.20944)-v(r)*sin(v(beta))),v(r)*cos(v(beta))- 0.905 -0.5- 8.64 *sin(0.20944)) rpar=1
b§sv 0 sv i=v(r)*(v(beta)+v(zeta)) rpar=1
b§yv 0 yv i=v(y1)*(0.3 *v(sv)+1)/(0.3 *v(s1)+1) rpar=1
b§y1 0 y1 i=(0.3 *v(s1)+1)/6*log((1+v(t))/(1-v(t))) rpar=1
b§dv 0 dv i=if(v(xap)> 8.64 ,v(r)-v(yv)-(8.64 *cos(0.20944)-v(r)*sin(v(beta)))/sin(v(zeta)),0) rpar=1
b§rva 0 rva i=if(v(xap)- 8.64 < 1.95 ,1/((v(dv))+if((v(dv))>=0,1,-1)* 1e-05 /(1+exp(abs((v(dv)))/10)))**2,1/ 1.95 **2) rpar=1
brv1 0 rv1 i=v(active1)*v(rva)+v(active2)* 0.262984878369494 rpar=1
brv2 0 rv2 i=v(active2)*v(rva)+v(active1)* 0.262984878369494 rpar=1
b§xap 0 xap i=v(xcl)-1/((sin(v(theta)))+if((sin(v(theta)))>=0,1,-1)* 1e-05 /(1+exp(abs((sin(v(theta))))/10))) rpar=1
r1 vbubble1cap 0 10g
b1 0 active1 i=1 rpar=1
b2 0 active2 i=0 rpar=1
rorient orient 0 1
fbubble1 0 n013 bubble1 -1
r2 n013 0 1
.tran 0.01
.option noopiter
.end

Direct Newton iteration for .op point skipped.
Starting Gmin stepping
Gmin = 10
vernier = 0.5
Gmin = 1.86414
vernier = 0.25
vernier = 0.125
vernier = 0.0625
vernier = 0.03125
vernier = 0.015625
vernier = 0.0078125
vernier = 0.00390625
Gmin = 1.75448
vernier = 0.00195313
vernier = 0.000976563
vernier = 0.000488281
Singular matrix:  Check nodes active1 and lo2#branch
   Iteration No. 17
Gmin = 0
Singular matrix:  Check nodes active1 and lo2#branch
   Iteration No. 1
Gmin stepping failed

Starting source stepping with srcstepmethod=0
Source Step = 3.0303%
Source Step = 33.3333%
Source Step = 49.6212%
Source Step = 50.0355%
Source Step = 50.1539%
Source Step = 50.2723%
Source Step = 50.3906%
Source Step = 50.509%
vernier = 0.00585938
Source Step = 50.6392%
Source Step = 50.8168%
Source Step = 50.9943%
Source Step = 51.1719%
Source Step = 51.3494%
vernier = 0.00878906
Source Step = 51.5359%
Source Step = 51.8022%
Source Step = 52.0685%
Source Step = 52.3349%
Source Step = 52.6012%
Source Step = 52.8675%
vernier = 0.0131836
Source Step = 53.267%
Source Step = 53.6665%
Source Step = 54.0661%
Source Step = 54.4656%
Source Step = 54.8651%
vernier = 0.0197754
Source Step = 55.4443%
Source Step = 56.0436%
Source Step = 56.6428%
Source Step = 57.2421%
Source Step = 57.8414%
vernier = 0.0296631
Source Step = 58.6803%
Source Step = 59.5792%
Source Step = 60.4781%
Source Step = 61.377%
Source Step = 62.2758%
vernier = 0.0444946
Source Step = 63.4893%
Source Step = 64.8376%
Source Step = 66.186%
Source Step = 67.5343%
Source Step = 68.8826%
vernier = 0.0667419
Source Step = 70.6354%
Source Step = 72.6579%
Source Step = 74.6804%
Source Step = 76.7029%
Source Step = 78.7254%
vernier = 0.100113
Source Step = 81.2535%
Source Step = 84.2872%
Source Step = 87.3209%
Source Step = 90.3546%
Source Step = 93.3884%
vernier = 0.150169
Source Step = 96.2325%
vernier = 0.00938559
Source Step = 96.1827%
Starting source stepping with srcstepmethod=1
Source Step = 3.0303%
Source Step = 33.3333%
Source Step = 50.1894%
vernier = 0.015625
Source Step = 50.1065%
Source Step = 50.2249%
Source Step = 50.3433%
Source Step = 50.4616%
Source Step = 50.58%
vernier = 0.00585938
Source Step = 50.7457%
Source Step = 50.9233%
Source Step = 51.1009%
Source Step = 51.2784%
Source Step = 51.456%
vernier = 0.00878906
Source Step = 51.6957%
Source Step = 51.962%
Source Step = 52.2283%
Source Step = 52.4947%
Source Step = 52.761%
vernier = 0.0131836
Source Step = 53.1072%
Source Step = 53.5067%
Source Step = 53.9062%
Source Step = 54.3058%
Source Step = 54.7053%
vernier = 0.0197754
Source Step = 55.2046%
Source Step = 55.8039%
Source Step = 56.4031%
Source Step = 57.0024%
Source Step = 57.6017%
vernier = 0.0296631
Source Step = 58.3208%
Source Step = 59.2196%
Source Step = 60.1185%
Source Step = 61.0174%
Source Step = 61.9163%
vernier = 0.0444946
Source Step = 62.95%
Source Step = 64.2983%
Source Step = 65.6466%
Source Step = 66.995%
Source Step = 68.3433%
vernier = 0.0667419
Source Step = 69.8264%
Source Step = 71.8489%
Source Step = 73.8714%
Source Step = 75.8939%
Source Step = 77.9164%
vernier = 0.100113
Source Step = 80.04%
Source Step = 83.0737%
Source Step = 86.1074%
Source Step = 89.1412%
Source Step = 92.1749%
Source Step = 95.2086%
vernier = 0.150169
Source Step = 99.7592%
Source Step = 100%
Source stepping succeeded in finding the operating point.

Ignoring empty pin current: Ix(x1:beta)
Ignoring empty pin current: Ix(x1:step)
Ignoring empty pin current: Ix(x1:area)
Ignoring empty pin current: Ix(x1:x3:x)
Ignoring empty pin current: Ix(x1:xmin_area:beta)
Ignoring empty pin current: Ix(x1:xmin_area:step)
Ignoring empty pin current: Ix(x1:xmin_area:theta)
Ignoring empty pin current: Ix(x1:xbubble_area:beta)
Ignoring empty pin current: Ix(x1:xbubble_area:step)
Ignoring empty pin current: Ix(x1:xbubble_area:r)
Ignoring empty pin current: Ix(x1:xmax_area:beta)
Ignoring empty pin current: Ix(x1:xmax_area:step)
Ignoring empty pin current: Ix(x1:xmax_area:r)
Ignoring empty pin current: Ix(x1:xmin_area:x1:beta)
Ignoring empty pin current: Ix(x1:xmin_area:x1:step)
Ignoring empty pin current: Ix(x1:xmin_area:x1:r)
Ignoring empty pin current: Ix(x1:xmin_area:x1:theta)
Ignoring empty pin current: Ix(x1:xbubble_area:x1:beta)
Ignoring empty pin current: Ix(x1:xbubble_area:x1:step)
Ignoring empty pin current: Ix(x1:xbubble_area:x1:r)
Ignoring empty pin current: Ix(x1:xbubble_area:x1:theta)
Ignoring empty pin current: Ix(x1:xmax_area:x1:beta)
Ignoring empty pin current: Ix(x1:xmax_area:x1:step)
Ignoring empty pin current: Ix(x1:xmax_area:x1:r)
Ignoring empty pin current: Ix(x1:xmax_area:x1:theta)
Ignoring empty pin current: Ix(x1:xmin_area:x1:xchord:h)
Ignoring empty pin current: Ix(x1:xmin_area:x1:xchord:radius)
Ignoring empty pin current: Ix(x1:xmin_area:x1:x2:x)
Ignoring empty pin current: Ix(x1:xbubble_area:x1:xchord:h)
Ignoring empty pin current: Ix(x1:xbubble_area:x1:xchord:radius)
Ignoring empty pin current: Ix(x1:xbubble_area:x1:x2:x)
Ignoring empty pin current: Ix(x1:xmax_area:x1:xchord:h)
Ignoring empty pin current: Ix(x1:xmax_area:x1:xchord:radius)
Ignoring empty pin current: Ix(x1:xmax_area:x1:x2:x)
Ignoring empty pin current: Ix(x1:beta)
Ignoring empty pin current: Ix(x1:step)
Ignoring empty pin current: Ix(x1:area)
Ignoring empty pin current: Ix(x1:x3:x)
Ignoring empty pin current: Ix(x1:xmin_area:beta)
Ignoring empty pin current: Ix(x1:xmin_area:step)
Ignoring empty pin current: Ix(x1:xmin_area:theta)
Ignoring empty pin current: Ix(x1:xbubble_area:beta)
Ignoring empty pin current: Ix(x1:xbubble_area:step)
Ignoring empty pin current: Ix(x1:xbubble_area:r)
Ignoring empty pin current: Ix(x1:xmax_area:beta)
Ignoring empty pin current: Ix(x1:xmax_area:step)
Ignoring empty pin current: Ix(x1:xmax_area:r)
Ignoring empty pin current: Ix(x1:xmin_area:x1:beta)
Ignoring empty pin current: Ix(x1:xmin_area:x1:step)
Ignoring empty pin current: Ix(x1:xmin_area:x1:r)
Ignoring empty pin current: Ix(x1:xmin_area:x1:theta)
Ignoring empty pin current: Ix(x1:xbubble_area:x1:beta)
Ignoring empty pin current: Ix(x1:xbubble_area:x1:step)
Ignoring empty pin current: Ix(x1:xbubble_area:x1:r)
Ignoring empty pin current: Ix(x1:xbubble_area:x1:theta)
Ignoring empty pin current: Ix(x1:xmax_area:x1:beta)
Ignoring empty pin current: Ix(x1:xmax_area:x1:step)
Ignoring empty pin current: Ix(x1:xmax_area:x1:r)
Ignoring empty pin current: Ix(x1:xmax_area:x1:theta)
Ignoring empty pin current: Ix(x1:xmin_area:x1:xchord:h)
Ignoring empty pin current: Ix(x1:xmin_area:x1:xchord:radius)
Ignoring empty pin current: Ix(x1:xmin_area:x1:x2:x)
Ignoring empty pin current: Ix(x1:xbubble_area:x1:xchord:h)
Ignoring empty pin current: Ix(x1:xbubble_area:x1:xchord:radius)
Ignoring empty pin current: Ix(x1:xbubble_area:x1:x2:x)
Ignoring empty pin current: Ix(x1:xmax_area:x1:xchord:h)
Ignoring empty pin current: Ix(x1:xmax_area:x1:xchord:radius)
Ignoring empty pin current: Ix(x1:xmax_area:x1:x2:x)

Date: Sun Apr 19 21:37:40 2020
Total elapsed time: 2.467 seconds.

tnom = 27
temp = 27
method = modified trap
totiter = 11247
traniter = 2104
tranpoints = 1053
accept = 1050
rejected = 3
matrix size = 140
fillins = 759
solver = Normal
Thread vector: 47.7/32.1[4] 1.3/2.0[1] 9.6/4.3[4] 0.5/4.5[1]  2592/500
Matrix Compiler1:    2361 opcodes  9.4/[3.5]/6.4
Matrix Compiler2:    1639 opcodes
